{"/media/sdmastergames/5C66D99266D96CF0/App/Projetos/express-typescript/src/modules/User/createUser/createUser.ts": {"path":"/media/sdmastergames/5C66D99266D96CF0/App/Projetos/express-typescript/src/modules/User/createUser/createUser.ts","all":false,"statementMap":{"0":{"start":{"line":1,"column":0},"end":{"line":1,"column":58}},"1":{"start":{"line":2,"column":0},"end":{"line":2,"column":56}},"2":{"start":{"line":3,"column":0},"end":{"line":3,"column":0}},"3":{"start":{"line":4,"column":0},"end":{"line":4,"column":25}},"4":{"start":{"line":5,"column":0},"end":{"line":5,"column":46}},"5":{"start":{"line":6,"column":0},"end":{"line":6,"column":0}},"6":{"start":{"line":7,"column":0},"end":{"line":7,"column":46}},"7":{"start":{"line":8,"column":0},"end":{"line":8,"column":26}},"8":{"start":{"line":9,"column":0},"end":{"line":9,"column":16}},"9":{"start":{"line":10,"column":0},"end":{"line":10,"column":42}},"10":{"start":{"line":11,"column":0},"end":{"line":11,"column":5}},"11":{"start":{"line":12,"column":0},"end":{"line":12,"column":0}},"12":{"start":{"line":13,"column":0},"end":{"line":13,"column":55}},"13":{"start":{"line":14,"column":0},"end":{"line":14,"column":16}},"14":{"start":{"line":15,"column":0},"end":{"line":15,"column":3}},"15":{"start":{"line":16,"column":0},"end":{"line":16,"column":1}}},"s":{"0":1,"1":1,"2":1,"3":1,"4":1,"5":1,"6":1,"7":2,"8":2,"9":1,"10":1,"11":1,"12":1,"13":1,"14":1,"15":1},"branchMap":{"0":{"type":"branch","line":7,"loc":{"start":{"line":7,"column":2},"end":{"line":15,"column":3}},"locations":[{"start":{"line":7,"column":2},"end":{"line":15,"column":3}}]},"1":{"type":"branch","line":9,"loc":{"start":{"line":9,"column":15},"end":{"line":15,"column":3}},"locations":[{"start":{"line":9,"column":15},"end":{"line":15,"column":3}}]},"2":{"type":"branch","line":5,"loc":{"start":{"line":5,"column":2},"end":{"line":5,"column":46}},"locations":[{"start":{"line":5,"column":2},"end":{"line":5,"column":46}}]}},"b":{"0":[2],"1":[1],"2":[1]},"fnMap":{"0":{"name":"execute","decl":{"start":{"line":7,"column":2},"end":{"line":15,"column":3}},"loc":{"start":{"line":7,"column":2},"end":{"line":15,"column":3}},"line":7},"1":{"name":"createUser","decl":{"start":{"line":5,"column":2},"end":{"line":5,"column":46}},"loc":{"start":{"line":5,"column":2},"end":{"line":5,"column":46}},"line":5}},"f":{"0":2,"1":1}}
,"/media/sdmastergames/5C66D99266D96CF0/App/Projetos/express-typescript/src/modules/User/deleteUser/deleteUser.ts": {"path":"/media/sdmastergames/5C66D99266D96CF0/App/Projetos/express-typescript/src/modules/User/deleteUser/deleteUser.ts","all":false,"statementMap":{"0":{"start":{"line":1,"column":0},"end":{"line":1,"column":58}},"1":{"start":{"line":2,"column":0},"end":{"line":2,"column":0}},"2":{"start":{"line":3,"column":0},"end":{"line":3,"column":25}},"3":{"start":{"line":4,"column":0},"end":{"line":4,"column":46}},"4":{"start":{"line":5,"column":0},"end":{"line":5,"column":29}},"5":{"start":{"line":6,"column":0},"end":{"line":6,"column":14}},"6":{"start":{"line":7,"column":0},"end":{"line":7,"column":40}},"7":{"start":{"line":8,"column":0},"end":{"line":8,"column":5}},"8":{"start":{"line":9,"column":0},"end":{"line":9,"column":51}},"9":{"start":{"line":10,"column":0},"end":{"line":10,"column":16}},"10":{"start":{"line":11,"column":0},"end":{"line":11,"column":40}},"11":{"start":{"line":12,"column":0},"end":{"line":12,"column":5}},"12":{"start":{"line":13,"column":0},"end":{"line":13,"column":55}},"13":{"start":{"line":14,"column":0},"end":{"line":14,"column":18}},"14":{"start":{"line":15,"column":0},"end":{"line":15,"column":3}},"15":{"start":{"line":16,"column":0},"end":{"line":16,"column":1}}},"s":{"0":1,"1":1,"2":1,"3":1,"4":1,"5":3,"6":1,"7":1,"8":2,"9":3,"10":1,"11":1,"12":1,"13":1,"14":1,"15":1},"branchMap":{"0":{"type":"branch","line":5,"loc":{"start":{"line":5,"column":2},"end":{"line":15,"column":3}},"locations":[{"start":{"line":5,"column":2},"end":{"line":15,"column":3}}]},"1":{"type":"branch","line":6,"loc":{"start":{"line":6,"column":13},"end":{"line":8,"column":5}},"locations":[{"start":{"line":6,"column":13},"end":{"line":8,"column":5}}]},"2":{"type":"branch","line":9,"loc":{"start":{"line":9,"column":-1},"end":{"line":10,"column":15}},"locations":[{"start":{"line":9,"column":-1},"end":{"line":10,"column":15}}]},"3":{"type":"branch","line":10,"loc":{"start":{"line":10,"column":15},"end":{"line":15,"column":3}},"locations":[{"start":{"line":10,"column":15},"end":{"line":15,"column":3}}]},"4":{"type":"branch","line":4,"loc":{"start":{"line":4,"column":2},"end":{"line":4,"column":46}},"locations":[{"start":{"line":4,"column":2},"end":{"line":4,"column":46}}]}},"b":{"0":[3],"1":[1],"2":[2],"3":[1],"4":[1]},"fnMap":{"0":{"name":"execute","decl":{"start":{"line":5,"column":2},"end":{"line":15,"column":3}},"loc":{"start":{"line":5,"column":2},"end":{"line":15,"column":3}},"line":5},"1":{"name":"deleteUser","decl":{"start":{"line":4,"column":2},"end":{"line":4,"column":46}},"loc":{"start":{"line":4,"column":2},"end":{"line":4,"column":46}},"line":4}},"f":{"0":3,"1":1}}
,"/media/sdmastergames/5C66D99266D96CF0/App/Projetos/express-typescript/src/modules/User/listUser/listUser.ts": {"path":"/media/sdmastergames/5C66D99266D96CF0/App/Projetos/express-typescript/src/modules/User/listUser/listUser.ts","all":false,"statementMap":{"0":{"start":{"line":1,"column":0},"end":{"line":1,"column":58}},"1":{"start":{"line":2,"column":0},"end":{"line":2,"column":0}},"2":{"start":{"line":3,"column":0},"end":{"line":3,"column":23}},"3":{"start":{"line":4,"column":0},"end":{"line":4,"column":46}},"4":{"start":{"line":5,"column":0},"end":{"line":5,"column":19}},"5":{"start":{"line":6,"column":0},"end":{"line":6,"column":46}},"6":{"start":{"line":7,"column":0},"end":{"line":7,"column":17}},"7":{"start":{"line":8,"column":0},"end":{"line":8,"column":3}},"8":{"start":{"line":9,"column":0},"end":{"line":9,"column":1}}},"s":{"0":1,"1":1,"2":1,"3":1,"4":1,"5":1,"6":1,"7":1,"8":1},"branchMap":{"0":{"type":"branch","line":5,"loc":{"start":{"line":5,"column":2},"end":{"line":8,"column":3}},"locations":[{"start":{"line":5,"column":2},"end":{"line":8,"column":3}}]},"1":{"type":"branch","line":4,"loc":{"start":{"line":4,"column":2},"end":{"line":4,"column":46}},"locations":[{"start":{"line":4,"column":2},"end":{"line":4,"column":46}}]}},"b":{"0":[1],"1":[1]},"fnMap":{"0":{"name":"execute","decl":{"start":{"line":5,"column":2},"end":{"line":8,"column":3}},"loc":{"start":{"line":5,"column":2},"end":{"line":8,"column":3}},"line":5},"1":{"name":"listUser","decl":{"start":{"line":4,"column":2},"end":{"line":4,"column":46}},"loc":{"start":{"line":4,"column":2},"end":{"line":4,"column":46}},"line":4}},"f":{"0":1,"1":1}}
}
