TN:
SF:src/modules/User/createUser/createUser.ts
FN:7,execute
FN:5,createUser
FNF:2
FNH:2
FNDA:3,execute
FNDA:1,createUser
DA:1,1
DA:2,1
DA:3,1
DA:4,1
DA:5,1
DA:6,1
DA:7,1
DA:8,3
DA:9,2
DA:10,2
DA:11,1
DA:12,1
DA:13,1
DA:14,1
DA:15,3
DA:16,3
DA:17,1
DA:18,1
DA:19,1
LF:19
LH:19
BRDA:7,0,0,3
BRDA:8,1,0,2
BRDA:8,2,0,2
BRDA:11,3,0,1
BRDA:17,4,0,1
BRDA:5,5,0,1
BRF:6
BRH:6
end_of_record
TN:
SF:src/modules/User/deleteUser/deleteUser.ts
FN:5,execute
FN:4,deleteUser
FNF:2
FNH:2
FNDA:3,execute
FNDA:1,deleteUser
DA:1,1
DA:2,1
DA:3,1
DA:4,1
DA:5,1
DA:6,3
DA:7,1
DA:8,1
DA:9,2
DA:10,3
DA:11,1
DA:12,1
DA:13,1
DA:14,1
DA:15,1
DA:16,1
LF:16
LH:16
BRDA:5,0,0,3
BRDA:6,1,0,1
BRDA:9,2,0,2
BRDA:10,3,0,1
BRDA:4,4,0,1
BRF:5
BRH:5
end_of_record
TN:
SF:src/modules/User/listUser/listUser.ts
FN:5,execute
FN:4,listUser
FNF:2
FNH:2
FNDA:1,execute
FNDA:1,listUser
DA:1,1
DA:2,1
DA:3,1
DA:4,1
DA:5,1
DA:6,1
DA:7,1
DA:8,1
DA:9,1
LF:9
LH:9
BRDA:5,0,0,1
BRDA:4,1,0,1
BRF:2
BRH:2
end_of_record
TN:
SF:src/modules/User/updateUser/updateUser.ts
FN:7,execute
FN:5,updateUser
FNF:2
FNH:2
FNDA:2,execute
FNDA:1,updateUser
DA:1,1
DA:2,1
DA:3,1
DA:4,1
DA:5,1
DA:6,1
DA:7,1
DA:8,2
DA:9,2
DA:10,2
DA:11,1
DA:12,1
DA:13,1
DA:14,1
DA:15,1
DA:16,1
DA:17,1
LF:17
LH:17
BRDA:7,0,0,2
BRDA:10,1,0,1
BRDA:5,2,0,1
BRF:3
BRH:3
end_of_record
